[14-Apr-2014 23:20:20 America/New_York] PHP Fatal error:  Uncaught exception 'PDOException' with message 'SQLSTATE[23000]: Integrity constraint violation: 1062 Duplicate entry '9803' for key 'PRIMARY'' in /www/ponyvillelive.com/public_html/app/library/Doctrine/DBAL/Statement.php:131
Stack trace:
#0 /www/ponyvillelive.com/public_html/app/library/Doctrine/DBAL/Statement.php(131): PDOStatement->execute(NULL)
#1 /www/ponyvillelive.com/public_html/app/library/Doctrine/ORM/Persisters/BasicEntityPersister.php(239): Doctrine\DBAL\Statement->execute()
#2 /www/ponyvillelive.com/public_html/app/library/Doctrine/ORM/UnitOfWork.php(896): Doctrine\ORM\Persisters\BasicEntityPersister->executeInserts()
#3 /www/ponyvillelive.com/public_html/app/library/Doctrine/ORM/UnitOfWork.php(304): Doctrine\ORM\UnitOfWork->executeInserts(Object(Doctrine\ORM\Mapping\ClassMetadata))
#4 /www/ponyvillelive.com/public_html/app/library/Doctrine/ORM/EntityManager.php(355): Doctrine\ORM\UnitOfWork->commit(Object(Entity\Song))
#5 /www/ponyvillelive.com/public_html/app/library/DF/Doctrine/Entity.php(354): in /www/ponyvillelive.com/public_html/app/library/Doctrine/DBAL/Statement.php on line 131
[14-Apr-2014 23:26:19 America/New_York] PHP Strict standards:  Declaration of Entity\Role::fetchSelect() should be compatible with DF\Doctrine\Entity::fetchSelect($add_blank = false, Closure $display = NULL, $pk = 'id', $order_by = 'name') in /www/ponyvillelive.com/public_html/app/models/Entity/Role.php on line 0
[14-Apr-2014 23:26:19 America/New_York] PHP Stack trace:
[14-Apr-2014 23:26:19 America/New_York] PHP   1. {main}() /www/ponyvillelive.com/public_html/util/doctrine.php:0
[14-Apr-2014 23:26:19 America/New_York] PHP   2. Doctrine\ORM\Tools\Console\ConsoleRunner::run() /www/ponyvillelive.com/public_html/util/doctrine.php:22
[14-Apr-2014 23:26:19 America/New_York] PHP   3. Symfony\Component\Console\Application->run() /www/ponyvillelive.com/public_html/app/library/Doctrine/ORM/Tools/Console/ConsoleRunner.php:39
[14-Apr-2014 23:26:19 America/New_York] PHP   4. Symfony\Component\Console\Application->doRun() /www/ponyvillelive.com/public_html/app/library/Doctrine/Symfony/Component/Console/Application.php:118
[14-Apr-2014 23:26:19 America/New_York] PHP   5. Symfony\Component\Console\Command\Command->run() /www/ponyvillelive.com/public_html/app/library/Doctrine/Symfony/Component/Console/Application.php:194
[14-Apr-2014 23:26:19 America/New_York] PHP   6. Doctrine\ORM\Tools\Console\Command\SchemaTool\AbstractCommand->execute() /www/ponyvillelive.com/public_html/app/library/Doctrine/Symfony/Component/Console/Command/Command.php:187
[14-Apr-2014 23:26:19 America/New_York] PHP   7. Doctrine\ORM\Mapping\ClassMetadataFactory->getAllMetadata() /www/ponyvillelive.com/public_html/app/library/Doctrine/ORM/Tools/Console/Command/SchemaTool/AbstractCommand.php:53
[14-Apr-2014 23:26:19 America/New_York] PHP   8. Doctrine\ORM\Mapping\Driver\AnnotationDriver->getAllClassNames() /www/ponyvillelive.com/public_html/app/library/Doctrine/ORM/Mapping/ClassMetadataFactory.php:130
[14-Apr-2014 23:26:19 America/New_York] PHP Strict standards:  Declaration of Entity\Station::fetchArray() should be compatible with DF\Doctrine\Entity::fetchArray($order_by = NULL, $order_dir = 'ASC') in /www/ponyvillelive.com/public_html/app/models/Entity/Station.php on line 0
[14-Apr-2014 23:26:19 America/New_York] PHP Stack trace:
[14-Apr-2014 23:26:19 America/New_York] PHP   1. {main}() /www/ponyvillelive.com/public_html/util/doctrine.php:0
[14-Apr-2014 23:26:19 America/New_York] PHP   2. Doctrine\ORM\Tools\Console\ConsoleRunner::run() /www/ponyvillelive.com/public_html/util/doctrine.php:22
[14-Apr-2014 23:26:19 America/New_York] PHP   3. Symfony\Component\Console\Application->run() /www/ponyvillelive.com/public_html/app/library/Doctrine/ORM/Tools/Console/ConsoleRunner.php:39
[14-Apr-2014 23:26:19 America/New_York] PHP   4. Symfony\Component\Console\Application->doRun() /www/ponyvillelive.com/public_html/app/library/Doctrine/Symfony/Component/Console/Application.php:118
[14-Apr-2014 23:26:19 America/New_York] PHP   5. Symfony\Component\Console\Command\Command->run() /www/ponyvillelive.com/public_html/app/library/Doctrine/Symfony/Component/Console/Application.php:194
[14-Apr-2014 23:26:19 America/New_York] PHP   6. Doctrine\ORM\Tools\Console\Command\SchemaTool\AbstractCommand->execute() /www/ponyvillelive.com/public_html/app/library/Doctrine/Symfony/Component/Console/Command/Command.php:187
[14-Apr-2014 23:26:19 America/New_York] PHP   7. Doctrine\ORM\Mapping\ClassMetadataFactory->getAllMetadata() /www/ponyvillelive.com/public_html/app/library/Doctrine/ORM/Tools/Console/Command/SchemaTool/AbstractCommand.php:53
[14-Apr-2014 23:26:19 America/New_York] PHP   8. Doctrine\ORM\Mapping\Driver\AnnotationDriver->getAllClassNames() /www/ponyvillelive.com/public_html/app/library/Doctrine/ORM/Mapping/ClassMetadataFactory.php:130
[14-Apr-2014 23:26:19 America/New_York] PHP Strict standards:  Declaration of Entity\Settings::fetchArray() should be compatible with DF\Doctrine\Entity::fetchArray($order_by = NULL, $order_dir = 'ASC') in /www/ponyvillelive.com/public_html/app/models/Entity/Settings.php on line 0
[14-Apr-2014 23:26:19 America/New_York] PHP Stack trace:
[14-Apr-2014 23:26:19 America/New_York] PHP   1. {main}() /www/ponyvillelive.com/public_html/util/doctrine.php:0
[14-Apr-2014 23:26:19 America/New_York] PHP   2. Doctrine\ORM\Tools\Console\ConsoleRunner::run() /www/ponyvillelive.com/public_html/util/doctrine.php:22
[14-Apr-2014 23:26:19 America/New_York] PHP   3. Symfony\Component\Console\Application->run() /www/ponyvillelive.com/public_html/app/library/Doctrine/ORM/Tools/Console/ConsoleRunner.php:39
[14-Apr-2014 23:26:19 America/New_York] PHP   4. Symfony\Component\Console\Application->doRun() /www/ponyvillelive.com/public_html/app/library/Doctrine/Symfony/Component/Console/Application.php:118
[14-Apr-2014 23:26:19 America/New_York] PHP   5. Symfony\Component\Console\Command\Command->run() /www/ponyvillelive.com/public_html/app/library/Doctrine/Symfony/Component/Console/Application.php:194
[14-Apr-2014 23:26:19 America/New_York] PHP   6. Doctrine\ORM\Tools\Console\Command\SchemaTool\AbstractCommand->execute() /www/ponyvillelive.com/public_html/app/library/Doctrine/Symfony/Component/Console/Command/Command.php:187
[14-Apr-2014 23:26:19 America/New_York] PHP   7. Doctrine\ORM\Mapping\ClassMetadataFactory->getAllMetadata() /www/ponyvillelive.com/public_html/app/library/Doctrine/ORM/Tools/Console/Command/SchemaTool/AbstractCommand.php:53
[14-Apr-2014 23:26:19 America/New_York] PHP   8. Doctrine\ORM\Mapping\Driver\AnnotationDriver->getAllClassNames() /www/ponyvillelive.com/public_html/app/library/Doctrine/ORM/Mapping/ClassMetadataFactory.php:130
[14-Apr-2014 23:35:30 America/New_York] PHP Strict standards:  Declaration of Entity\Role::fetchSelect() should be compatible with DF\Doctrine\Entity::fetchSelect($add_blank = false, Closure $display = NULL, $pk = 'id', $order_by = 'name') in /www/ponyvillelive.com/public_html/app/models/Entity/Role.php on line 0
[14-Apr-2014 23:35:30 America/New_York] PHP Stack trace:
[14-Apr-2014 23:35:30 America/New_York] PHP   1. {main}() /www/ponyvillelive.com/public_html/util/doctrine.php:0
[14-Apr-2014 23:35:30 America/New_York] PHP   2. Doctrine\ORM\Tools\Console\ConsoleRunner::run() /www/ponyvillelive.com/public_html/util/doctrine.php:22
[14-Apr-2014 23:35:30 America/New_York] PHP   3. Symfony\Component\Console\Application->run() /www/ponyvillelive.com/public_html/app/library/Doctrine/ORM/Tools/Console/ConsoleRunner.php:39
[14-Apr-2014 23:35:30 America/New_York] PHP   4. Symfony\Component\Console\Application->doRun() /www/ponyvillelive.com/public_html/app/library/Doctrine/Symfony/Component/Console/Application.php:118
[14-Apr-2014 23:35:30 America/New_York] PHP   5. Symfony\Component\Console\Command\Command->run() /www/ponyvillelive.com/public_html/app/library/Doctrine/Symfony/Component/Console/Application.php:194
[14-Apr-2014 23:35:30 America/New_York] PHP   6. Doctrine\ORM\Tools\Console\Command\SchemaTool\AbstractCommand->execute() /www/ponyvillelive.com/public_html/app/library/Doctrine/Symfony/Component/Console/Command/Command.php:187
[14-Apr-2014 23:35:30 America/New_York] PHP   7. Doctrine\ORM\Mapping\ClassMetadataFactory->getAllMetadata() /www/ponyvillelive.com/public_html/app/library/Doctrine/ORM/Tools/Console/Command/SchemaTool/AbstractCommand.php:53
[14-Apr-2014 23:35:30 America/New_York] PHP   8. Doctrine\ORM\Mapping\Driver\AnnotationDriver->getAllClassNames() /www/ponyvillelive.com/public_html/app/library/Doctrine/ORM/Mapping/ClassMetadataFactory.php:130
[14-Apr-2014 23:35:30 America/New_York] PHP Strict standards:  Declaration of Entity\Station::fetchArray() should be compatible with DF\Doctrine\Entity::fetchArray($order_by = NULL, $order_dir = 'ASC') in /www/ponyvillelive.com/public_html/app/models/Entity/Station.php on line 0
[14-Apr-2014 23:35:30 America/New_York] PHP Stack trace:
[14-Apr-2014 23:35:30 America/New_York] PHP   1. {main}() /www/ponyvillelive.com/public_html/util/doctrine.php:0
[14-Apr-2014 23:35:30 America/New_York] PHP   2. Doctrine\ORM\Tools\Console\ConsoleRunner::run() /www/ponyvillelive.com/public_html/util/doctrine.php:22
[14-Apr-2014 23:35:30 America/New_York] PHP   3. Symfony\Component\Console\Application->run() /www/ponyvillelive.com/public_html/app/library/Doctrine/ORM/Tools/Console/ConsoleRunner.php:39
[14-Apr-2014 23:35:30 America/New_York] PHP   4. Symfony\Component\Console\Application->doRun() /www/ponyvillelive.com/public_html/app/library/Doctrine/Symfony/Component/Console/Application.php:118
[14-Apr-2014 23:35:30 America/New_York] PHP   5. Symfony\Component\Console\Command\Command->run() /www/ponyvillelive.com/public_html/app/library/Doctrine/Symfony/Component/Console/Application.php:194
[14-Apr-2014 23:35:30 America/New_York] PHP   6. Doctrine\ORM\Tools\Console\Command\SchemaTool\AbstractCommand->execute() /www/ponyvillelive.com/public_html/app/library/Doctrine/Symfony/Component/Console/Command/Command.php:187
[14-Apr-2014 23:35:30 America/New_York] PHP   7. Doctrine\ORM\Mapping\ClassMetadataFactory->getAllMetadata() /www/ponyvillelive.com/public_html/app/library/Doctrine/ORM/Tools/Console/Command/SchemaTool/AbstractCommand.php:53
[14-Apr-2014 23:35:30 America/New_York] PHP   8. Doctrine\ORM\Mapping\Driver\AnnotationDriver->getAllClassNames() /www/ponyvillelive.com/public_html/app/library/Doctrine/ORM/Mapping/ClassMetadataFactory.php:130
[14-Apr-2014 23:35:30 America/New_York] PHP Strict standards:  Declaration of Entity\Settings::fetchArray() should be compatible with DF\Doctrine\Entity::fetchArray($order_by = NULL, $order_dir = 'ASC') in /www/ponyvillelive.com/public_html/app/models/Entity/Settings.php on line 0
[14-Apr-2014 23:35:30 America/New_York] PHP Stack trace:
[14-Apr-2014 23:35:30 America/New_York] PHP   1. {main}() /www/ponyvillelive.com/public_html/util/doctrine.php:0
[14-Apr-2014 23:35:30 America/New_York] PHP   2. Doctrine\ORM\Tools\Console\ConsoleRunner::run() /www/ponyvillelive.com/public_html/util/doctrine.php:22
[14-Apr-2014 23:35:30 America/New_York] PHP   3. Symfony\Component\Console\Application->run() /www/ponyvillelive.com/public_html/app/library/Doctrine/ORM/Tools/Console/ConsoleRunner.php:39
[14-Apr-2014 23:35:30 America/New_York] PHP   4. Symfony\Component\Console\Application->doRun() /www/ponyvillelive.com/public_html/app/library/Doctrine/Symfony/Component/Console/Application.php:118
[14-Apr-2014 23:35:30 America/New_York] PHP   5. Symfony\Component\Console\Command\Command->run() /www/ponyvillelive.com/public_html/app/library/Doctrine/Symfony/Component/Console/Application.php:194
[14-Apr-2014 23:35:30 America/New_York] PHP   6. Doctrine\ORM\Tools\Console\Command\SchemaTool\AbstractCommand->execute() /www/ponyvillelive.com/public_html/app/library/Doctrine/Symfony/Component/Console/Command/Command.php:187
[14-Apr-2014 23:35:30 America/New_York] PHP   7. Doctrine\ORM\Mapping\ClassMetadataFactory->getAllMetadata() /www/ponyvillelive.com/public_html/app/library/Doctrine/ORM/Tools/Console/Command/SchemaTool/AbstractCommand.php:53
[14-Apr-2014 23:35:30 America/New_York] PHP   8. Doctrine\ORM\Mapping\Driver\AnnotationDriver->getAllClassNames() /www/ponyvillelive.com/public_html/app/library/Doctrine/ORM/Mapping/ClassMetadataFactory.php:130
[14-Apr-2014 23:35:41 America/New_York] PHP Strict standards:  Declaration of Entity\Role::fetchSelect() should be compatible with DF\Doctrine\Entity::fetchSelect($add_blank = false, Closure $display = NULL, $pk = 'id', $order_by = 'name') in /www/ponyvillelive.com/public_html/app/models/Entity/Role.php on line 0
[14-Apr-2014 23:35:41 America/New_York] PHP Stack trace:
[14-Apr-2014 23:35:41 America/New_York] PHP   1. {main}() /www/ponyvillelive.com/public_html/util/doctrine.php:0
[14-Apr-2014 23:35:41 America/New_York] PHP   2. Doctrine\ORM\Tools\Console\ConsoleRunner::run() /www/ponyvillelive.com/public_html/util/doctrine.php:22
[14-Apr-2014 23:35:41 America/New_York] PHP   3. Symfony\Component\Console\Application->run() /www/ponyvillelive.com/public_html/app/library/Doctrine/ORM/Tools/Console/ConsoleRunner.php:39
[14-Apr-2014 23:35:41 America/New_York] PHP   4. Symfony\Component\Console\Application->doRun() /www/ponyvillelive.com/public_html/app/library/Doctrine/Symfony/Component/Console/Application.php:118
[14-Apr-2014 23:35:41 America/New_York] PHP   5. Symfony\Component\Console\Command\Command->run() /www/ponyvillelive.com/public_html/app/library/Doctrine/Symfony/Component/Console/Application.php:194
[14-Apr-2014 23:35:41 America/New_York] PHP   6. Doctrine\ORM\Tools\Console\Command\SchemaTool\AbstractCommand->execute() /www/ponyvillelive.com/public_html/app/library/Doctrine/Symfony/Component/Console/Command/Command.php:187
[14-Apr-2014 23:35:41 America/New_York] PHP   7. Doctrine\ORM\Mapping\ClassMetadataFactory->getAllMetadata() /www/ponyvillelive.com/public_html/app/library/Doctrine/ORM/Tools/Console/Command/SchemaTool/AbstractCommand.php:53
[14-Apr-2014 23:35:41 America/New_York] PHP   8. Doctrine\ORM\Mapping\Driver\AnnotationDriver->getAllClassNames() /www/ponyvillelive.com/public_html/app/library/Doctrine/ORM/Mapping/ClassMetadataFactory.php:130
[14-Apr-2014 23:35:41 America/New_York] PHP Strict standards:  Declaration of Entity\Station::fetchArray() should be compatible with DF\Doctrine\Entity::fetchArray($order_by = NULL, $order_dir = 'ASC') in /www/ponyvillelive.com/public_html/app/models/Entity/Station.php on line 0
[14-Apr-2014 23:35:41 America/New_York] PHP Stack trace:
[14-Apr-2014 23:35:41 America/New_York] PHP   1. {main}() /www/ponyvillelive.com/public_html/util/doctrine.php:0
[14-Apr-2014 23:35:41 America/New_York] PHP   2. Doctrine\ORM\Tools\Console\ConsoleRunner::run() /www/ponyvillelive.com/public_html/util/doctrine.php:22
[14-Apr-2014 23:35:41 America/New_York] PHP   3. Symfony\Component\Console\Application->run() /www/ponyvillelive.com/public_html/app/library/Doctrine/ORM/Tools/Console/ConsoleRunner.php:39
[14-Apr-2014 23:35:41 America/New_York] PHP   4. Symfony\Component\Console\Application->doRun() /www/ponyvillelive.com/public_html/app/library/Doctrine/Symfony/Component/Console/Application.php:118
[14-Apr-2014 23:35:41 America/New_York] PHP   5. Symfony\Component\Console\Command\Command->run() /www/ponyvillelive.com/public_html/app/library/Doctrine/Symfony/Component/Console/Application.php:194
[14-Apr-2014 23:35:41 America/New_York] PHP   6. Doctrine\ORM\Tools\Console\Command\SchemaTool\AbstractCommand->execute() /www/ponyvillelive.com/public_html/app/library/Doctrine/Symfony/Component/Console/Command/Command.php:187
[14-Apr-2014 23:35:41 America/New_York] PHP   7. Doctrine\ORM\Mapping\ClassMetadataFactory->getAllMetadata() /www/ponyvillelive.com/public_html/app/library/Doctrine/ORM/Tools/Console/Command/SchemaTool/AbstractCommand.php:53
[14-Apr-2014 23:35:41 America/New_York] PHP   8. Doctrine\ORM\Mapping\Driver\AnnotationDriver->getAllClassNames() /www/ponyvillelive.com/public_html/app/library/Doctrine/ORM/Mapping/ClassMetadataFactory.php:130
[14-Apr-2014 23:35:41 America/New_York] PHP Strict standards:  Declaration of Entity\Settings::fetchArray() should be compatible with DF\Doctrine\Entity::fetchArray($order_by = NULL, $order_dir = 'ASC') in /www/ponyvillelive.com/public_html/app/models/Entity/Settings.php on line 0
[14-Apr-2014 23:35:41 America/New_York] PHP Stack trace:
[14-Apr-2014 23:35:41 America/New_York] PHP   1. {main}() /www/ponyvillelive.com/public_html/util/doctrine.php:0
[14-Apr-2014 23:35:41 America/New_York] PHP   2. Doctrine\ORM\Tools\Console\ConsoleRunner::run() /www/ponyvillelive.com/public_html/util/doctrine.php:22
[14-Apr-2014 23:35:41 America/New_York] PHP   3. Symfony\Component\Console\Application->run() /www/ponyvillelive.com/public_html/app/library/Doctrine/ORM/Tools/Console/ConsoleRunner.php:39
[14-Apr-2014 23:35:41 America/New_York] PHP   4. Symfony\Component\Console\Application->doRun() /www/ponyvillelive.com/public_html/app/library/Doctrine/Symfony/Component/Console/Application.php:118
[14-Apr-2014 23:35:41 America/New_York] PHP   5. Symfony\Component\Console\Command\Command->run() /www/ponyvillelive.com/public_html/app/library/Doctrine/Symfony/Component/Console/Application.php:194
[14-Apr-2014 23:35:41 America/New_York] PHP   6. Doctrine\ORM\Tools\Console\Command\SchemaTool\AbstractCommand->execute() /www/ponyvillelive.com/public_html/app/library/Doctrine/Symfony/Component/Console/Command/Command.php:187
[14-Apr-2014 23:35:41 America/New_York] PHP   7. Doctrine\ORM\Mapping\ClassMetadataFactory->getAllMetadata() /www/ponyvillelive.com/public_html/app/library/Doctrine/ORM/Tools/Console/Command/SchemaTool/AbstractCommand.php:53
[14-Apr-2014 23:35:41 America/New_York] PHP   8. Doctrine\ORM\Mapping\Driver\AnnotationDriver->getAllClassNames() /www/ponyvillelive.com/public_html/app/library/Doctrine/ORM/Mapping/ClassMetadataFactory.php:130
[14-Apr-2014 23:36:23 America/New_York] PHP Strict standards:  Declaration of Entity\Role::fetchSelect() should be compatible with DF\Doctrine\Entity::fetchSelect($add_blank = false, Closure $display = NULL, $pk = 'id', $order_by = 'name') in /www/ponyvillelive.com/public_html/app/models/Entity/Role.php on line 0
[14-Apr-2014 23:36:23 America/New_York] PHP Stack trace:
[14-Apr-2014 23:36:23 America/New_York] PHP   1. {main}() /www/ponyvillelive.com/public_html/util/doctrine.php:0
[14-Apr-2014 23:36:23 America/New_York] PHP   2. Doctrine\ORM\Tools\Console\ConsoleRunner::run() /www/ponyvillelive.com/public_html/util/doctrine.php:22
[14-Apr-2014 23:36:23 America/New_York] PHP   3. Symfony\Component\Console\Application->run() /www/ponyvillelive.com/public_html/app/library/Doctrine/ORM/Tools/Console/ConsoleRunner.php:39
[14-Apr-2014 23:36:23 America/New_York] PHP   4. Symfony\Component\Console\Application->doRun() /www/ponyvillelive.com/public_html/app/library/Doctrine/Symfony/Component/Console/Application.php:118
[14-Apr-2014 23:36:23 America/New_York] PHP   5. Symfony\Component\Console\Command\Command->run() /www/ponyvillelive.com/public_html/app/library/Doctrine/Symfony/Component/Console/Application.php:194
[14-Apr-2014 23:36:23 America/New_York] PHP   6. Doctrine\ORM\Tools\Console\Command\SchemaTool\AbstractCommand->execute() /www/ponyvillelive.com/public_html/app/library/Doctrine/Symfony/Component/Console/Command/Command.php:187
[14-Apr-2014 23:36:23 America/New_York] PHP   7. Doctrine\ORM\Mapping\ClassMetadataFactory->getAllMetadata() /www/ponyvillelive.com/public_html/app/library/Doctrine/ORM/Tools/Console/Command/SchemaTool/AbstractCommand.php:53
[14-Apr-2014 23:36:23 America/New_York] PHP   8. Doctrine\ORM\Mapping\Driver\AnnotationDriver->getAllClassNames() /www/ponyvillelive.com/public_html/app/library/Doctrine/ORM/Mapping/ClassMetadataFactory.php:130
[14-Apr-2014 23:36:23 America/New_York] PHP Strict standards:  Declaration of Entity\Station::fetchArray() should be compatible with DF\Doctrine\Entity::fetchArray($order_by = NULL, $order_dir = 'ASC') in /www/ponyvillelive.com/public_html/app/models/Entity/Station.php on line 0
[14-Apr-2014 23:36:23 America/New_York] PHP Stack trace:
[14-Apr-2014 23:36:23 America/New_York] PHP   1. {main}() /www/ponyvillelive.com/public_html/util/doctrine.php:0
[14-Apr-2014 23:36:23 America/New_York] PHP   2. Doctrine\ORM\Tools\Console\ConsoleRunner::run() /www/ponyvillelive.com/public_html/util/doctrine.php:22
[14-Apr-2014 23:36:23 America/New_York] PHP   3. Symfony\Component\Console\Application->run() /www/ponyvillelive.com/public_html/app/library/Doctrine/ORM/Tools/Console/ConsoleRunner.php:39
[14-Apr-2014 23:36:23 America/New_York] PHP   4. Symfony\Component\Console\Application->doRun() /www/ponyvillelive.com/public_html/app/library/Doctrine/Symfony/Component/Console/Application.php:118
[14-Apr-2014 23:36:23 America/New_York] PHP   5. Symfony\Component\Console\Command\Command->run() /www/ponyvillelive.com/public_html/app/library/Doctrine/Symfony/Component/Console/Application.php:194
[14-Apr-2014 23:36:23 America/New_York] PHP   6. Doctrine\ORM\Tools\Console\Command\SchemaTool\AbstractCommand->execute() /www/ponyvillelive.com/public_html/app/library/Doctrine/Symfony/Component/Console/Command/Command.php:187
[14-Apr-2014 23:36:23 America/New_York] PHP   7. Doctrine\ORM\Mapping\ClassMetadataFactory->getAllMetadata() /www/ponyvillelive.com/public_html/app/library/Doctrine/ORM/Tools/Console/Command/SchemaTool/AbstractCommand.php:53
[14-Apr-2014 23:36:23 America/New_York] PHP   8. Doctrine\ORM\Mapping\Driver\AnnotationDriver->getAllClassNames() /www/ponyvillelive.com/public_html/app/library/Doctrine/ORM/Mapping/ClassMetadataFactory.php:130
[14-Apr-2014 23:36:23 America/New_York] PHP Strict standards:  Declaration of Entity\Settings::fetchArray() should be compatible with DF\Doctrine\Entity::fetchArray($order_by = NULL, $order_dir = 'ASC') in /www/ponyvillelive.com/public_html/app/models/Entity/Settings.php on line 0
[14-Apr-2014 23:36:23 America/New_York] PHP Stack trace:
[14-Apr-2014 23:36:23 America/New_York] PHP   1. {main}() /www/ponyvillelive.com/public_html/util/doctrine.php:0
[14-Apr-2014 23:36:23 America/New_York] PHP   2. Doctrine\ORM\Tools\Console\ConsoleRunner::run() /www/ponyvillelive.com/public_html/util/doctrine.php:22
[14-Apr-2014 23:36:23 America/New_York] PHP   3. Symfony\Component\Console\Application->run() /www/ponyvillelive.com/public_html/app/library/Doctrine/ORM/Tools/Console/ConsoleRunner.php:39
[14-Apr-2014 23:36:23 America/New_York] PHP   4. Symfony\Component\Console\Application->doRun() /www/ponyvillelive.com/public_html/app/library/Doctrine/Symfony/Component/Console/Application.php:118
[14-Apr-2014 23:36:23 America/New_York] PHP   5. Symfony\Component\Console\Command\Command->run() /www/ponyvillelive.com/public_html/app/library/Doctrine/Symfony/Component/Console/Application.php:194
[14-Apr-2014 23:36:23 America/New_York] PHP   6. Doctrine\ORM\Tools\Console\Command\SchemaTool\AbstractCommand->execute() /www/ponyvillelive.com/public_html/app/library/Doctrine/Symfony/Component/Console/Command/Command.php:187
[14-Apr-2014 23:36:23 America/New_York] PHP   7. Doctrine\ORM\Mapping\ClassMetadataFactory->getAllMetadata() /www/ponyvillelive.com/public_html/app/library/Doctrine/ORM/Tools/Console/Command/SchemaTool/AbstractCommand.php:53
[14-Apr-2014 23:36:23 America/New_York] PHP   8. Doctrine\ORM\Mapping\Driver\AnnotationDriver->getAllClassNames() /www/ponyvillelive.com/public_html/app/library/Doctrine/ORM/Mapping/ClassMetadataFactory.php:130
[14-Apr-2014 23:36:25 America/New_York] PHP Strict standards:  Declaration of Entity\Role::fetchSelect() should be compatible with DF\Doctrine\Entity::fetchSelect($add_blank = false, Closure $display = NULL, $pk = 'id', $order_by = 'name') in /www/ponyvillelive.com/public_html/app/models/Entity/Role.php on line 0
[14-Apr-2014 23:36:25 America/New_York] PHP Stack trace:
[14-Apr-2014 23:36:25 America/New_York] PHP   1. {main}() /www/ponyvillelive.com/public_html/util/doctrine.php:0
[14-Apr-2014 23:36:25 America/New_York] PHP   2. Doctrine\ORM\Tools\Console\ConsoleRunner::run() /www/ponyvillelive.com/public_html/util/doctrine.php:22
[14-Apr-2014 23:36:25 America/New_York] PHP   3. Symfony\Component\Console\Application->run() /www/ponyvillelive.com/public_html/app/library/Doctrine/ORM/Tools/Console/ConsoleRunner.php:39
[14-Apr-2014 23:36:25 America/New_York] PHP   4. Symfony\Component\Console\Application->doRun() /www/ponyvillelive.com/public_html/app/library/Doctrine/Symfony/Component/Console/Application.php:118
[14-Apr-2014 23:36:25 America/New_York] PHP   5. Symfony\Component\Console\Command\Command->run() /www/ponyvillelive.com/public_html/app/library/Doctrine/Symfony/Component/Console/Application.php:194
[14-Apr-2014 23:36:25 America/New_York] PHP   6. Doctrine\ORM\Tools\Console\Command\SchemaTool\AbstractCommand->execute() /www/ponyvillelive.com/public_html/app/library/Doctrine/Symfony/Component/Console/Command/Command.php:187
[14-Apr-2014 23:36:25 America/New_York] PHP   7. Doctrine\ORM\Mapping\ClassMetadataFactory->getAllMetadata() /www/ponyvillelive.com/public_html/app/library/Doctrine/ORM/Tools/Console/Command/SchemaTool/AbstractCommand.php:53
[14-Apr-2014 23:36:25 America/New_York] PHP   8. Doctrine\ORM\Mapping\Driver\AnnotationDriver->getAllClassNames() /www/ponyvillelive.com/public_html/app/library/Doctrine/ORM/Mapping/ClassMetadataFactory.php:130
[14-Apr-2014 23:36:25 America/New_York] PHP Strict standards:  Declaration of Entity\Station::fetchArray() should be compatible with DF\Doctrine\Entity::fetchArray($order_by = NULL, $order_dir = 'ASC') in /www/ponyvillelive.com/public_html/app/models/Entity/Station.php on line 0
[14-Apr-2014 23:36:25 America/New_York] PHP Stack trace:
[14-Apr-2014 23:36:25 America/New_York] PHP   1. {main}() /www/ponyvillelive.com/public_html/util/doctrine.php:0
[14-Apr-2014 23:36:25 America/New_York] PHP   2. Doctrine\ORM\Tools\Console\ConsoleRunner::run() /www/ponyvillelive.com/public_html/util/doctrine.php:22
[14-Apr-2014 23:36:25 America/New_York] PHP   3. Symfony\Component\Console\Application->run() /www/ponyvillelive.com/public_html/app/library/Doctrine/ORM/Tools/Console/ConsoleRunner.php:39
[14-Apr-2014 23:36:25 America/New_York] PHP   4. Symfony\Component\Console\Application->doRun() /www/ponyvillelive.com/public_html/app/library/Doctrine/Symfony/Component/Console/Application.php:118
[14-Apr-2014 23:36:25 America/New_York] PHP   5. Symfony\Component\Console\Command\Command->run() /www/ponyvillelive.com/public_html/app/library/Doctrine/Symfony/Component/Console/Application.php:194
[14-Apr-2014 23:36:25 America/New_York] PHP   6. Doctrine\ORM\Tools\Console\Command\SchemaTool\AbstractCommand->execute() /www/ponyvillelive.com/public_html/app/library/Doctrine/Symfony/Component/Console/Command/Command.php:187
[14-Apr-2014 23:36:25 America/New_York] PHP   7. Doctrine\ORM\Mapping\ClassMetadataFactory->getAllMetadata() /www/ponyvillelive.com/public_html/app/library/Doctrine/ORM/Tools/Console/Command/SchemaTool/AbstractCommand.php:53
[14-Apr-2014 23:36:25 America/New_York] PHP   8. Doctrine\ORM\Mapping\Driver\AnnotationDriver->getAllClassNames() /www/ponyvillelive.com/public_html/app/library/Doctrine/ORM/Mapping/ClassMetadataFactory.php:130
[14-Apr-2014 23:36:25 America/New_York] PHP Strict standards:  Declaration of Entity\Settings::fetchArray() should be compatible with DF\Doctrine\Entity::fetchArray($order_by = NULL, $order_dir = 'ASC') in /www/ponyvillelive.com/public_html/app/models/Entity/Settings.php on line 0
[14-Apr-2014 23:36:25 America/New_York] PHP Stack trace:
[14-Apr-2014 23:36:25 America/New_York] PHP   1. {main}() /www/ponyvillelive.com/public_html/util/doctrine.php:0
[14-Apr-2014 23:36:25 America/New_York] PHP   2. Doctrine\ORM\Tools\Console\ConsoleRunner::run() /www/ponyvillelive.com/public_html/util/doctrine.php:22
[14-Apr-2014 23:36:25 America/New_York] PHP   3. Symfony\Component\Console\Application->run() /www/ponyvillelive.com/public_html/app/library/Doctrine/ORM/Tools/Console/ConsoleRunner.php:39
[14-Apr-2014 23:36:25 America/New_York] PHP   4. Symfony\Component\Console\Application->doRun() /www/ponyvillelive.com/public_html/app/library/Doctrine/Symfony/Component/Console/Application.php:118
[14-Apr-2014 23:36:25 America/New_York] PHP   5. Symfony\Component\Console\Command\Command->run() /www/ponyvillelive.com/public_html/app/library/Doctrine/Symfony/Component/Console/Application.php:194
[14-Apr-2014 23:36:25 America/New_York] PHP   6. Doctrine\ORM\Tools\Console\Command\SchemaTool\AbstractCommand->execute() /www/ponyvillelive.com/public_html/app/library/Doctrine/Symfony/Component/Console/Command/Command.php:187
[14-Apr-2014 23:36:25 America/New_York] PHP   7. Doctrine\ORM\Mapping\ClassMetadataFactory->getAllMetadata() /www/ponyvillelive.com/public_html/app/library/Doctrine/ORM/Tools/Console/Command/SchemaTool/AbstractCommand.php:53
[14-Apr-2014 23:36:25 America/New_York] PHP   8. Doctrine\ORM\Mapping\Driver\AnnotationDriver->getAllClassNames() /www/ponyvillelive.com/public_html/app/library/Doctrine/ORM/Mapping/ClassMetadataFactory.php:130
